<?xml version="1.0" encoding="UTF-8"?>
<testng-results skipped="0" failed="0" ignored="0" total="1" passed="1">
  <reporter-output>
  </reporter-output>
  <suite name="Default suite" duration-ms="692" started-at="2019-09-27T04:49:56 PDT" finished-at="2019-09-27T04:49:56 PDT">
    <groups>
    </groups>
    <test name="Default test" duration-ms="692" started-at="2019-09-27T04:49:56 PDT" finished-at="2019-09-27T04:49:56 PDT">
      <class name="Scripts.Logindata">
        <test-method status="PASS" signature="loginData()[pri:0, instance:Scripts.Logindata@5b87ed94]" name="loginData" duration-ms="658" started-at="2019-09-27T04:49:56 PDT" finished-at="2019-09-27T04:49:56 PDT">
          <reporter-output>
          </reporter-output>
        </test-method> <!-- loginData -->
      </class> <!-- Scripts.Logindata -->
    </test> <!-- Default test -->
  </suite> <!-- Default suite -->
</testng-results>
